<?xml version="1.0" encoding="UTF-8"?>
<testsuite xmlns:xsi="http://www.w3.org/2001/XMLSchema-instance" xsi:noNamespaceSchemaLocation="https://maven.apache.org/surefire/maven-surefire-plugin/xsd/surefire-test-report.xsd" name="TestSuite" time="20.025" tests="21" errors="0" skipped="0" failures="0">
  <properties>
    <property name="java.specification.version" value="21"/>
    <property name="sun.jnu.encoding" value="UTF-8"/>
    <property name="java.class.path" value="/Users/rahat/Java/Toll_App_API_Pos_Neg_Test/target/test-classes:/Users/rahat/Java/Toll_App_API_Pos_Neg_Test/target/classes:/Users/rahat/.m2/repository/io/rest-assured/rest-assured/3.2.0/rest-assured-3.2.0.jar:/Users/rahat/.m2/repository/org/codehaus/groovy/groovy/2.4.15/groovy-2.4.15.jar:/Users/rahat/.m2/repository/org/codehaus/groovy/groovy-xml/2.4.15/groovy-xml-2.4.15.jar:/Users/rahat/.m2/repository/org/apache/httpcomponents/httpclient/4.5.3/httpclient-4.5.3.jar:/Users/rahat/.m2/repository/org/apache/httpcomponents/httpcore/4.4.6/httpcore-4.4.6.jar:/Users/rahat/.m2/repository/commons-logging/commons-logging/1.2/commons-logging-1.2.jar:/Users/rahat/.m2/repository/commons-codec/commons-codec/1.9/commons-codec-1.9.jar:/Users/rahat/.m2/repository/org/apache/httpcomponents/httpmime/4.5.1/httpmime-4.5.1.jar:/Users/rahat/.m2/repository/org/hamcrest/hamcrest-core/1.3/hamcrest-core-1.3.jar:/Users/rahat/.m2/repository/org/hamcrest/hamcrest-library/1.3/hamcrest-library-1.3.jar:/Users/rahat/.m2/repository/org/ccil/cowan/tagsoup/tagsoup/1.2.1/tagsoup-1.2.1.jar:/Users/rahat/.m2/repository/io/rest-assured/json-path/3.0.0/json-path-3.0.0.jar:/Users/rahat/.m2/repository/org/codehaus/groovy/groovy-json/2.4.6/groovy-json-2.4.6.jar:/Users/rahat/.m2/repository/io/rest-assured/rest-assured-common/3.0.0/rest-assured-common-3.0.0.jar:/Users/rahat/.m2/repository/javax/xml/bind/jaxb-api/2.3.1/jaxb-api-2.3.1.jar:/Users/rahat/.m2/repository/javax/activation/javax.activation-api/1.2.0/javax.activation-api-1.2.0.jar:/Users/rahat/.m2/repository/io/rest-assured/xml-path/3.0.0/xml-path-3.0.0.jar:/Users/rahat/.m2/repository/org/apache/commons/commons-lang3/3.4/commons-lang3-3.4.jar:/Users/rahat/.m2/repository/io/rest-assured/json-schema-validator/3.0.0/json-schema-validator-3.0.0.jar:/Users/rahat/.m2/repository/com/github/fge/json-schema-validator/2.2.6/json-schema-validator-2.2.6.jar:/Users/rahat/.m2/repository/com/google/code/findbugs/jsr305/3.0.0/jsr305-3.0.0.jar:/Users/rahat/.m2/repository/joda-time/joda-time/2.3/joda-time-2.3.jar:/Users/rahat/.m2/repository/com/googlecode/libphonenumber/libphonenumber/6.2/libphonenumber-6.2.jar:/Users/rahat/.m2/repository/com/github/fge/json-schema-core/1.2.5/json-schema-core-1.2.5.jar:/Users/rahat/.m2/repository/com/github/fge/uri-template/0.9/uri-template-0.9.jar:/Users/rahat/.m2/repository/com/github/fge/msg-simple/1.1/msg-simple-1.1.jar:/Users/rahat/.m2/repository/com/github/fge/btf/1.2/btf-1.2.jar:/Users/rahat/.m2/repository/com/google/guava/guava/16.0.1/guava-16.0.1.jar:/Users/rahat/.m2/repository/com/github/fge/jackson-coreutils/1.8/jackson-coreutils-1.8.jar:/Users/rahat/.m2/repository/com/fasterxml/jackson/core/jackson-databind/2.2.3/jackson-databind-2.2.3.jar:/Users/rahat/.m2/repository/com/fasterxml/jackson/core/jackson-annotations/2.2.3/jackson-annotations-2.2.3.jar:/Users/rahat/.m2/repository/com/fasterxml/jackson/core/jackson-core/2.2.3/jackson-core-2.2.3.jar:/Users/rahat/.m2/repository/org/mozilla/rhino/1.7R4/rhino-1.7R4.jar:/Users/rahat/.m2/repository/javax/mail/mailapi/1.4.3/mailapi-1.4.3.jar:/Users/rahat/.m2/repository/javax/activation/activation/1.1/activation-1.1.jar:/Users/rahat/.m2/repository/net/sf/jopt-simple/jopt-simple/4.6/jopt-simple-4.6.jar:/Users/rahat/.m2/repository/org/testng/testng/7.0.0-beta1/testng-7.0.0-beta1.jar:/Users/rahat/.m2/repository/com/beust/jcommander/1.72/jcommander-1.72.jar:/Users/rahat/.m2/repository/log4j/log4j/1.2.17/log4j-1.2.17.jar:/Users/rahat/.m2/repository/junit/junit/4.12/junit-4.12.jar:/Users/rahat/.m2/repository/com/squareup/okhttp3/okhttp/3.10.0/okhttp-3.10.0.jar:/Users/rahat/.m2/repository/com/squareup/okio/okio/1.14.0/okio-1.14.0.jar:/Users/rahat/.m2/repository/com/aventstack/extentreports/5.0.9/extentreports-5.0.9.jar:/Users/rahat/.m2/repository/io/reactivex/rxjava3/rxjava/3.0.4/rxjava-3.0.4.jar:/Users/rahat/.m2/repository/org/reactivestreams/reactive-streams/1.0.3/reactive-streams-1.0.3.jar:/Users/rahat/.m2/repository/org/freemarker/freemarker/2.3.30/freemarker-2.3.30.jar:/Users/rahat/.m2/repository/com/google/code/gson/gson/2.8.6/gson-2.8.6.jar:/Users/rahat/.m2/repository/org/projectlombok/lombok/1.18.30/lombok-1.18.30.jar:"/>
    <property name="java.vm.vendor" value="Homebrew"/>
    <property name="sun.arch.data.model" value="64"/>
    <property name="java.vendor.url" value="https://github.com/Homebrew/homebrew-core/issues"/>
    <property name="os.name" value="Mac OS X"/>
    <property name="java.vm.specification.version" value="21"/>
    <property name="sun.java.launcher" value="SUN_STANDARD"/>
    <property name="user.country" value="US"/>
    <property name="sun.boot.library.path" value="/opt/homebrew/Cellar/openjdk/21.0.1/libexec/openjdk.jdk/Contents/Home/lib"/>
    <property name="sun.java.command" value="/Users/rahat/Java/Toll_App_API_Pos_Neg_Test/target/surefire/surefirebooter230892327624544093.jar /Users/rahat/Java/Toll_App_API_Pos_Neg_Test/target/surefire 2023-12-05T22-45-35_179-jvmRun1 surefire18437945144027429560tmp surefire_04701633700664288351tmp"/>
    <property name="http.nonProxyHosts" value="local|*.local|169.254/16|*.169.254/16"/>
    <property name="jdk.debug" value="release"/>
    <property name="surefire.test.class.path" value="/Users/rahat/Java/Toll_App_API_Pos_Neg_Test/target/test-classes:/Users/rahat/Java/Toll_App_API_Pos_Neg_Test/target/classes:/Users/rahat/.m2/repository/io/rest-assured/rest-assured/3.2.0/rest-assured-3.2.0.jar:/Users/rahat/.m2/repository/org/codehaus/groovy/groovy/2.4.15/groovy-2.4.15.jar:/Users/rahat/.m2/repository/org/codehaus/groovy/groovy-xml/2.4.15/groovy-xml-2.4.15.jar:/Users/rahat/.m2/repository/org/apache/httpcomponents/httpclient/4.5.3/httpclient-4.5.3.jar:/Users/rahat/.m2/repository/org/apache/httpcomponents/httpcore/4.4.6/httpcore-4.4.6.jar:/Users/rahat/.m2/repository/commons-logging/commons-logging/1.2/commons-logging-1.2.jar:/Users/rahat/.m2/repository/commons-codec/commons-codec/1.9/commons-codec-1.9.jar:/Users/rahat/.m2/repository/org/apache/httpcomponents/httpmime/4.5.1/httpmime-4.5.1.jar:/Users/rahat/.m2/repository/org/hamcrest/hamcrest-core/1.3/hamcrest-core-1.3.jar:/Users/rahat/.m2/repository/org/hamcrest/hamcrest-library/1.3/hamcrest-library-1.3.jar:/Users/rahat/.m2/repository/org/ccil/cowan/tagsoup/tagsoup/1.2.1/tagsoup-1.2.1.jar:/Users/rahat/.m2/repository/io/rest-assured/json-path/3.0.0/json-path-3.0.0.jar:/Users/rahat/.m2/repository/org/codehaus/groovy/groovy-json/2.4.6/groovy-json-2.4.6.jar:/Users/rahat/.m2/repository/io/rest-assured/rest-assured-common/3.0.0/rest-assured-common-3.0.0.jar:/Users/rahat/.m2/repository/javax/xml/bind/jaxb-api/2.3.1/jaxb-api-2.3.1.jar:/Users/rahat/.m2/repository/javax/activation/javax.activation-api/1.2.0/javax.activation-api-1.2.0.jar:/Users/rahat/.m2/repository/io/rest-assured/xml-path/3.0.0/xml-path-3.0.0.jar:/Users/rahat/.m2/repository/org/apache/commons/commons-lang3/3.4/commons-lang3-3.4.jar:/Users/rahat/.m2/repository/io/rest-assured/json-schema-validator/3.0.0/json-schema-validator-3.0.0.jar:/Users/rahat/.m2/repository/com/github/fge/json-schema-validator/2.2.6/json-schema-validator-2.2.6.jar:/Users/rahat/.m2/repository/com/google/code/findbugs/jsr305/3.0.0/jsr305-3.0.0.jar:/Users/rahat/.m2/repository/joda-time/joda-time/2.3/joda-time-2.3.jar:/Users/rahat/.m2/repository/com/googlecode/libphonenumber/libphonenumber/6.2/libphonenumber-6.2.jar:/Users/rahat/.m2/repository/com/github/fge/json-schema-core/1.2.5/json-schema-core-1.2.5.jar:/Users/rahat/.m2/repository/com/github/fge/uri-template/0.9/uri-template-0.9.jar:/Users/rahat/.m2/repository/com/github/fge/msg-simple/1.1/msg-simple-1.1.jar:/Users/rahat/.m2/repository/com/github/fge/btf/1.2/btf-1.2.jar:/Users/rahat/.m2/repository/com/google/guava/guava/16.0.1/guava-16.0.1.jar:/Users/rahat/.m2/repository/com/github/fge/jackson-coreutils/1.8/jackson-coreutils-1.8.jar:/Users/rahat/.m2/repository/com/fasterxml/jackson/core/jackson-databind/2.2.3/jackson-databind-2.2.3.jar:/Users/rahat/.m2/repository/com/fasterxml/jackson/core/jackson-annotations/2.2.3/jackson-annotations-2.2.3.jar:/Users/rahat/.m2/repository/com/fasterxml/jackson/core/jackson-core/2.2.3/jackson-core-2.2.3.jar:/Users/rahat/.m2/repository/org/mozilla/rhino/1.7R4/rhino-1.7R4.jar:/Users/rahat/.m2/repository/javax/mail/mailapi/1.4.3/mailapi-1.4.3.jar:/Users/rahat/.m2/repository/javax/activation/activation/1.1/activation-1.1.jar:/Users/rahat/.m2/repository/net/sf/jopt-simple/jopt-simple/4.6/jopt-simple-4.6.jar:/Users/rahat/.m2/repository/org/testng/testng/7.0.0-beta1/testng-7.0.0-beta1.jar:/Users/rahat/.m2/repository/com/beust/jcommander/1.72/jcommander-1.72.jar:/Users/rahat/.m2/repository/log4j/log4j/1.2.17/log4j-1.2.17.jar:/Users/rahat/.m2/repository/junit/junit/4.12/junit-4.12.jar:/Users/rahat/.m2/repository/com/squareup/okhttp3/okhttp/3.10.0/okhttp-3.10.0.jar:/Users/rahat/.m2/repository/com/squareup/okio/okio/1.14.0/okio-1.14.0.jar:/Users/rahat/.m2/repository/com/aventstack/extentreports/5.0.9/extentreports-5.0.9.jar:/Users/rahat/.m2/repository/io/reactivex/rxjava3/rxjava/3.0.4/rxjava-3.0.4.jar:/Users/rahat/.m2/repository/org/reactivestreams/reactive-streams/1.0.3/reactive-streams-1.0.3.jar:/Users/rahat/.m2/repository/org/freemarker/freemarker/2.3.30/freemarker-2.3.30.jar:/Users/rahat/.m2/repository/com/google/code/gson/gson/2.8.6/gson-2.8.6.jar:/Users/rahat/.m2/repository/org/projectlombok/lombok/1.18.30/lombok-1.18.30.jar:"/>
    <property name="sun.cpu.endian" value="little"/>
    <property name="user.home" value="/Users/rahat"/>
    <property name="user.language" value="en"/>
    <property name="java.specification.vendor" value="Oracle Corporation"/>
    <property name="java.version.date" value="2023-10-17"/>
    <property name="java.home" value="/opt/homebrew/Cellar/openjdk/21.0.1/libexec/openjdk.jdk/Contents/Home"/>
    <property name="file.separator" value="/"/>
    <property name="basedir" value="/Users/rahat/Java/Toll_App_API_Pos_Neg_Test"/>
    <property name="java.vm.compressedOopsMode" value="Zero based"/>
    <property name="line.separator" value="&#10;"/>
    <property name="java.vm.specification.vendor" value="Oracle Corporation"/>
    <property name="java.specification.name" value="Java Platform API Specification"/>
    <property name="apple.awt.application.name" value="ForkedBooter"/>
    <property name="surefire.real.class.path" value="/Users/rahat/Java/Toll_App_API_Pos_Neg_Test/target/surefire/surefirebooter230892327624544093.jar"/>
    <property name="sun.management.compiler" value="HotSpot 64-Bit Tiered Compilers"/>
    <property name="ftp.nonProxyHosts" value="local|*.local|169.254/16|*.169.254/16"/>
    <property name="java.runtime.version" value="21.0.1"/>
    <property name="user.name" value="rahat"/>
    <property name="stdout.encoding" value="UTF-8"/>
    <property name="path.separator" value=":"/>
    <property name="os.version" value="14.1"/>
    <property name="java.runtime.name" value="OpenJDK Runtime Environment"/>
    <property name="file.encoding" value="UTF-8"/>
    <property name="java.vm.name" value="OpenJDK 64-Bit Server VM"/>
    <property name="java.vendor.version" value="Homebrew"/>
    <property name="localRepository" value="/Users/rahat/.m2/repository"/>
    <property name="java.vendor.url.bug" value="https://github.com/Homebrew/homebrew-core/issues"/>
    <property name="java.io.tmpdir" value="/var/folders/zr/tgyq__wj6rzbvjhgkv30mk4c0000gn/T/"/>
    <property name="java.version" value="21.0.1"/>
    <property name="user.dir" value="/Users/rahat/Java/Toll_App_API_Pos_Neg_Test"/>
    <property name="os.arch" value="aarch64"/>
    <property name="java.vm.specification.name" value="Java Virtual Machine Specification"/>
    <property name="native.encoding" value="UTF-8"/>
    <property name="java.library.path" value="/Users/rahat/Library/Java/Extensions:/Library/Java/Extensions:/Network/Library/Java/Extensions:/System/Library/Java/Extensions:/usr/lib/java:."/>
    <property name="java.vm.info" value="mixed mode, sharing"/>
    <property name="stderr.encoding" value="UTF-8"/>
    <property name="java.vendor" value="Homebrew"/>
    <property name="java.vm.version" value="21.0.1"/>
    <property name="sun.io.unicode.encoding" value="UnicodeBig"/>
    <property name="socksNonProxyHosts" value="local|*.local|169.254/16|*.169.254/16"/>
    <property name="java.class.version" value="65.0"/>
  </properties>
  <testcase name="validateSubmitToll" classname="com.izaan.apitest.SubmitTollRequestTest" time="3.439"/>
  <testcase name="validateUserList" classname="com.izaan.apitest.UserListTest" time="1.553"/>
  <testcase name="validateUserCreation" classname="com.izaan.apitest.CreateUserRequestTest" time="1.369"/>
  <testcase name="loginTest" classname="com.izaan.apitest.LoginTest" time="1.08"/>
  <testcase name="getTollListBYCollectionTestSuccess" classname="com.izaan.apitest.GetTollListByCollectionPointTest" time="2.721"/>
  <testcase name="getTollCollectionListTest" classname="com.izaan.apitest.GetTollCollectionListTest" time="0.907"/>
  <testcase name="resetTestSuccess" classname="com.izaan.apitest.ResetPasswordTest" time="1.029"/>
  <testcase name="submitTollWithWrongURL" classname="com.izaan.apitest.SubmitTollRequestTest" time="0.529"/>
  <testcase name="validateUserListWithInvalidURL" classname="com.izaan.apitest.UserListTest" time="0.391"/>
  <testcase name="validateUserCreationWithExistingUsername" classname="com.izaan.apitest.CreateUserRequestTest" time="0.606"/>
  <testcase name="loginTestWithInvalidUser" classname="com.izaan.apitest.LoginTest" time="0.704"/>
  <testcase name="getTollListBYCollectionTestFail" classname="com.izaan.apitest.GetTollListByCollectionPointTest" time="0.54"/>
  <testcase name="getTollCollectionListTestWithInvalidUrl" classname="com.izaan.apitest.GetTollCollectionListTest" time="0.492"/>
  <testcase name="resetTestFail" classname="com.izaan.apitest.ResetPasswordTest" time="0.557"/>
  <testcase name="submitTollWithWrongResponseMethod" classname="com.izaan.apitest.SubmitTollRequestTest" time="0.467"/>
  <testcase name="validateUserListWithInvalidResponseMethod" classname="com.izaan.apitest.UserListTest" time="0.388"/>
  <testcase name="validateUserCreationWithInvalidURL" classname="com.izaan.apitest.CreateUserRequestTest" time="0.487"/>
  <testcase name="getTollCollectionListTestWithInvalidToken" classname="com.izaan.apitest.GetTollCollectionListTest" time="0.479"/>
  <testcase name="validateUserCreationWithInvalidToken" classname="com.izaan.apitest.CreateUserRequestTest" time="0.506"/>
  <testcase name="validateUserCreationWithInvalidEmailID" classname="com.izaan.apitest.CreateUserRequestTest" time="0.613"/>
  <testcase name="validateUserCreationWithInvalidPasswordFormat" classname="com.izaan.apitest.CreateUserRequestTest" time="0.549"/>
</testsuite>