<?xml version="1.0" encoding="UTF-8"?>
<!-- Generated by org.testng.reporters.JUnitReportReporter -->
<testsuite skipped="0" hostname="RAHAT" name="com.izaan.apitest.CreateUserRequestTest" tests="1" failures="0" timestamp="2023-12-04T20:13:16 EST" time="0.945" errors="0">
  <testcase name="validateUserCreation" time="0.945" classname="com.izaan.apitest.CreateUserRequestTest"/>
</testsuite> <!-- com.izaan.apitest.CreateUserRequestTest -->
