<?xml version="1.0" encoding="UTF-8"?>
<!-- Generated by org.testng.reporters.JUnitReportReporter -->
<testsuite hostname="Rahats-MacBook-Pro.local" failures="0" tests="3" name="com.izaan.apitest.UserListTest" time="2.593" errors="0" timestamp="2023-12-05T22:21:23 EST" skipped="0">
  <testcase classname="com.izaan.apitest.UserListTest" name="validateUserList" time="1.610"/>
  <testcase classname="com.izaan.apitest.UserListTest" name="validateUserListWithInvalidURL" time="0.497"/>
  <testcase classname="com.izaan.apitest.UserListTest" name="validateUserListWithInvalidResponseMethod" time="0.486"/>
</testsuite> <!-- com.izaan.apitest.UserListTest -->
