<?xml version="1.0" encoding="UTF-8"?>
<!-- Generated by org.testng.reporters.JUnitReportReporter -->
<testsuite hostname="Rahats-MacBook-Pro.local" failures="0" tests="3" name="com.izaan.apitest.SubmitTollRequestTest" time="4.739" errors="0" timestamp="2023-12-05T22:45:55 EST" skipped="0">
  <testcase classname="com.izaan.apitest.SubmitTollRequestTest" name="validateSubmitToll" time="3.727"/>
  <testcase classname="com.izaan.apitest.SubmitTollRequestTest" name="submitTollWithWrongURL" time="0.534"/>
  <testcase classname="com.izaan.apitest.SubmitTollRequestTest" name="submitTollWithWrongResponseMethod" time="0.478"/>
</testsuite> <!-- com.izaan.apitest.SubmitTollRequestTest -->
