<?xml version="1.0" encoding="UTF-8"?>
<!-- Generated by org.testng.reporters.JUnitReportReporter -->
<testsuite skipped="0" hostname="RAHAT" name="com.izaan.apitest.SubmitTollRequestTest" tests="1" failures="0" timestamp="2023-12-04T20:13:16 EST" time="3.681" errors="0">
  <testcase name="validateSubmitToll" time="3.681" classname="com.izaan.apitest.SubmitTollRequestTest"/>
</testsuite> <!-- com.izaan.apitest.SubmitTollRequestTest -->
