<?xml version="1.0" encoding="UTF-8"?>
<!-- Generated by org.testng.reporters.JUnitReportReporter -->
<testsuite hostname="Rahats-MacBook-Pro.local" failures="0" tests="2" name="com.izaan.apitest.LoginTest" time="1.806" errors="0" timestamp="2023-12-05T22:45:55 EST" skipped="0">
  <testcase classname="com.izaan.apitest.LoginTest" name="loginTest" time="1.089"/>
  <testcase classname="com.izaan.apitest.LoginTest" name="loginTestWithInvalidUser" time="0.717"/>
</testsuite> <!-- com.izaan.apitest.LoginTest -->
