<?xml version="1.0" encoding="UTF-8"?>
<!-- Generated by org.testng.reporters.JUnitReportReporter -->
<testsuite hostname="Rahats-MacBook-Pro.local" failures="0" tests="2" name="com.izaan.apitest.GetTollListByCollectionPointTest" time="3.285" errors="0" timestamp="2023-12-05T22:45:55 EST" skipped="0">
  <testcase classname="com.izaan.apitest.GetTollListByCollectionPointTest" name="getTollListBYCollectionTestSuccess" time="2.739"/>
  <testcase classname="com.izaan.apitest.GetTollListByCollectionPointTest" name="getTollListBYCollectionTestFail" time="0.546"/>
</testsuite> <!-- com.izaan.apitest.GetTollListByCollectionPointTest -->
