<?xml version="1.0" encoding="UTF-8"?>
<!-- Generated by org.testng.reporters.JUnitReportReporter -->
<testsuite hostname="Rahats-MacBook-Pro.local" failures="0" tests="6" name="com.izaan.apitest.CreateUserRequestTest" time="5.247" errors="0" timestamp="2023-12-05T22:21:23 EST" skipped="0">
  <testcase classname="com.izaan.apitest.CreateUserRequestTest" name="validateUserCreation" time="2.196"/>
  <testcase classname="com.izaan.apitest.CreateUserRequestTest" name="validateUserCreationWithExistingUsername" time="0.760"/>
  <testcase classname="com.izaan.apitest.CreateUserRequestTest" name="validateUserCreationWithInvalidURL" time="0.493"/>
  <testcase classname="com.izaan.apitest.CreateUserRequestTest" name="validateUserCreationWithInvalidToken" time="0.507"/>
  <testcase classname="com.izaan.apitest.CreateUserRequestTest" name="validateUserCreationWithInvalidEmailID" time="0.606"/>
  <testcase classname="com.izaan.apitest.CreateUserRequestTest" name="validateUserCreationWithInvalidPasswordFormat" time="0.685"/>
</testsuite> <!-- com.izaan.apitest.CreateUserRequestTest -->
