<?xml version="1.0" encoding="UTF-8"?>
<!-- Generated by org.testng.reporters.JUnitReportReporter -->
<testsuite hostname="Rahats-MacBook-Pro.local" failures="0" tests="3" name="com.izaan.apitest.SubmitTollRequestTest" time="4.644" errors="0" timestamp="2023-12-05T22:21:23 EST" skipped="0">
  <testcase classname="com.izaan.apitest.SubmitTollRequestTest" name="validateSubmitToll" time="3.345"/>
  <testcase classname="com.izaan.apitest.SubmitTollRequestTest" name="submitTollWithWrongURL" time="0.506"/>
  <testcase classname="com.izaan.apitest.SubmitTollRequestTest" name="submitTollWithWrongResponseMethod" time="0.793"/>
</testsuite> <!-- com.izaan.apitest.SubmitTollRequestTest -->
