<?xml version="1.0" encoding="UTF-8"?>
<!-- Generated by org.testng.reporters.JUnitReportReporter -->
<testsuite hostname="Rahats-MacBook-Pro.local" failures="0" tests="3" name="com.izaan.apitest.GetTollCollectionListTest" time="1.879" errors="0" timestamp="2023-12-05T22:45:55 EST" skipped="0">
  <testcase classname="com.izaan.apitest.GetTollCollectionListTest" name="getTollCollectionListTest" time="0.907"/>
  <testcase classname="com.izaan.apitest.GetTollCollectionListTest" name="getTollCollectionListTestWithInvalidUrl" time="0.492"/>
  <testcase classname="com.izaan.apitest.GetTollCollectionListTest" name="getTollCollectionListTestWithInvalidToken" time="0.480"/>
</testsuite> <!-- com.izaan.apitest.GetTollCollectionListTest -->
