<?xml version="1.0" encoding="UTF-8"?>
<!-- Generated by org.testng.reporters.JUnitReportReporter -->
<testsuite hostname="Rahats-MacBook-Pro.local" failures="0" tests="2" name="com.izaan.apitest.ResetPasswordTest" time="1.606" errors="0" timestamp="2023-12-05T22:45:55 EST" skipped="0">
  <testcase classname="com.izaan.apitest.ResetPasswordTest" name="resetTestSuccess" time="1.038"/>
  <testcase classname="com.izaan.apitest.ResetPasswordTest" name="resetTestFail" time="0.568"/>
</testsuite> <!-- com.izaan.apitest.ResetPasswordTest -->
