<?xml version="1.0" encoding="UTF-8"?>
<!-- Generated by org.testng.reporters.JUnitReportReporter -->
<testsuite hostname="Rahats-MacBook-Pro.local" failures="0" tests="6" name="com.izaan.apitest.CreateUserRequestTest" time="4.175" errors="0" timestamp="2023-12-05T22:45:55 EST" skipped="0">
  <testcase classname="com.izaan.apitest.CreateUserRequestTest" name="validateUserCreation" time="1.380"/>
  <testcase classname="com.izaan.apitest.CreateUserRequestTest" name="validateUserCreationWithExistingUsername" time="0.614"/>
  <testcase classname="com.izaan.apitest.CreateUserRequestTest" name="validateUserCreationWithInvalidURL" time="0.497"/>
  <testcase classname="com.izaan.apitest.CreateUserRequestTest" name="validateUserCreationWithInvalidToken" time="0.515"/>
  <testcase classname="com.izaan.apitest.CreateUserRequestTest" name="validateUserCreationWithInvalidEmailID" time="0.618"/>
  <testcase classname="com.izaan.apitest.CreateUserRequestTest" name="validateUserCreationWithInvalidPasswordFormat" time="0.551"/>
</testsuite> <!-- com.izaan.apitest.CreateUserRequestTest -->
